Command line:
   TB_Mux_isim_beh.exe
     -simmode  gui
     -simrunnum  0
     -socket  49236

Wed Aug 03 09:08:31 2022


 Elaboration Time: 0.015625 sec

 Current Memory Usage: 669.557 Meg

 Total Signals          : 12
 Total Nets             : 22
 Total Signal Drivers   : 2
 Total Blocks           : 3
 Total Primitive Blocks : 2
 Total Processes        : 2
 Total Traceable Variables  : 9
 Total Scalar Nets and Variables : 383
Total Line Count : 10

 Total Simulation Time: 0.015625 sec

 Current Memory Usage: 984.13 Meg

Wed Aug 03 09:09:02 2022

