Command line:
   TB_Replica01_registro_R_isim_beh.exe
     -simmode  gui
     -simrunnum  0
     -socket  49234

Wed Aug 03 09:07:40 2022


 Elaboration Time: 0.015625 sec

 Current Memory Usage: 669.557 Meg

 Total Signals          : 8
 Total Nets             : 10
 Total Signal Drivers   : 4
 Total Blocks           : 3
 Total Primitive Blocks : 2
 Total Processes        : 3
 Total Traceable Variables  : 9
 Total Scalar Nets and Variables : 371
Total Line Count : 16

 Total Simulation Time: 0.046875 sec

 Current Memory Usage: 984.13 Meg

Wed Aug 03 09:08:23 2022

